# JRE version: Java(TM) SE Runtime Environment (8.0_144-b01) (build 1.8.0_144-b01)
# Java VM: Java HotSpot(TM) 64-Bit Server VM (25.144-b01 mixed mode linux-amd64 compressed oops)
Heap:
 PSYoungGen      total 182784K, used 12596K [0x00000000ebd80000, 0x00000000f9200000, 0x0000000100000000)
  eden space 160768K, 0% used [0x00000000ebd80000,0x00000000ebd80000,0x00000000f5a80000)
  from space 22016K, 57% used [0x00000000f7c80000,0x00000000f88cd080,0x00000000f9200000)
  to   space 22528K, 0% used [0x00000000f5a80000,0x00000000f5a80000,0x00000000f7080000)
 ParOldGen       total 57856K, used 31490K [0x00000000c3800000, 0x00000000c7080000, 0x00000000ebd80000)
  object space 57856K, 54% used [0x00000000c3800000,0x00000000c56c0810,0x00000000c7080000)
 Metaspace       used 15906K, capacity 16576K, committed 16768K, reserved 1064960K
  class space    used 1953K, capacity 2142K, committed 2176K, reserved 1048576K
GC Heap History (10 events):
Event: 19,044 GC heap after
Heap after GC invocations=14 (full 1):
 PSYoungGen      total 142848K, used 12532K [0x00000000ebd80000, 0x00000000f7600000, 0x0000000100000000)
  eden space 119808K, 0% used [0x00000000ebd80000,0x00000000ebd80000,0x00000000f3280000)
  from space 23040K, 54% used [0x00000000f3280000,0x00000000f3ebd080,0x00000000f4900000)
  to   space 22528K, 0% used [0x00000000f6000000,0x00000000f6000000,0x00000000f7600000)
 ParOldGen       total 57856K, used 31458K [0x00000000c3800000, 0x00000000c7080000, 0x00000000ebd80000)
  object space 57856K, 54% used [0x00000000c3800000,0x00000000c56b8810,0x00000000c7080000)
 Metaspace       used 15745K, capacity 16432K, committed 16512K, reserved 1062912K
  class space    used 1953K, capacity 2142K, committed 2176K, reserved 1048576K
}
Event: 22,044 GC heap before
{Heap before GC invocations=15 (full 1):
 PSYoungGen      total 142848K, used 131774K [0x00000000ebd80000, 0x00000000f7600000, 0x0000000100000000)
  eden space 119808K, 99% used [0x00000000ebd80000,0x00000000f31f27b0,0x00000000f3280000)
  from space 23040K, 54% used [0x00000000f3280000,0x00000000f3ebd080,0x00000000f4900000)
  to   space 22528K, 0% used [0x00000000f6000000,0x00000000f6000000,0x00000000f7600000)
 ParOldGen       total 57856K, used 31458K [0x00000000c3800000, 0x00000000c7080000, 0x00000000ebd80000)
  object space 57856K, 54% used [0x00000000c3800000,0x00000000c56b8810,0x00000000c7080000)
 Metaspace       used 15780K, capacity 16436K, committed 16512K, reserved 1062912K
  class space    used 1953K, capacity 2142K, committed 2176K, reserved 1048576K
Event: 22,050 GC heap after
Heap after GC invocations=15 (full 1):
 PSYoungGen      total 160256K, used 14034K [0x00000000ebd80000, 0x00000000f7280000, 0x0000000100000000)
  eden space 141312K, 0% used [0x00000000ebd80000,0x00000000ebd80000,0x00000000f4780000)
  from space 18944K, 74% used [0x00000000f6000000,0x00000000f6db4a90,0x00000000f7280000)
  to   space 22016K, 0% used [0x00000000f4780000,0x00000000f4780000,0x00000000f5d00000)
 ParOldGen       total 57856K, used 31466K [0x00000000c3800000, 0x00000000c7080000, 0x00000000ebd80000)
  object space 57856K, 54% used [0x00000000c3800000,0x00000000c56ba810,0x00000000c7080000)
 Metaspace       used 15780K, capacity 16436K, committed 16512K, reserved 1062912K
  class space    used 1953K, capacity 2142K, committed 2176K, reserved 1048576K
}
Event: 25,267 GC heap before
{Heap before GC invocations=16 (full 1):
 PSYoungGen      total 160256K, used 154792K [0x00000000ebd80000, 0x00000000f7280000, 0x0000000100000000)
  eden space 141312K, 99% used [0x00000000ebd80000,0x00000000f46f56b0,0x00000000f4780000)
  from space 18944K, 74% used [0x00000000f6000000,0x00000000f6db4a90,0x00000000f7280000)
  to   space 22016K, 0% used [0x00000000f4780000,0x00000000f4780000,0x00000000f5d00000)
 ParOldGen       total 57856K, used 31466K [0x00000000c3800000, 0x00000000c7080000, 0x00000000ebd80000)
  object space 57856K, 54% used [0x00000000c3800000,0x00000000c56ba810,0x00000000c7080000)
 Metaspace       used 15821K, capacity 16500K, committed 16768K, reserved 1064960K
  class space    used 1953K, capacity 2142K, committed 2176K, reserved 1048576K
Event: 25,273 GC heap after
Heap after GC invocations=16 (full 1):
 PSYoungGen      total 163328K, used 15601K [0x00000000ebd80000, 0x00000000f8980000, 0x0000000100000000)
  eden space 141312K, 0% used [0x00000000ebd80000,0x00000000ebd80000,0x00000000f4780000)
  from space 22016K, 70% used [0x00000000f4780000,0x00000000f56bc4a0,0x00000000f5d00000)
  to   space 22528K, 0% used [0x00000000f7380000,0x00000000f7380000,0x00000000f8980000)
 ParOldGen       total 57856K, used 31474K [0x00000000c3800000, 0x00000000c7080000, 0x00000000ebd80000)
  object space 57856K, 54% used [0x00000000c3800000,0x00000000c56bc810,0x00000000c7080000)
 Metaspace       used 15821K, capacity 16500K, committed 16768K, reserved 1064960K
  class space    used 1953K, capacity 2142K, committed 2176K, reserved 1048576K
}
Event: 28,635 GC heap before
{Heap before GC invocations=17 (full 1):
 PSYoungGen      total 163328K, used 155782K [0x00000000ebd80000, 0x00000000f8980000, 0x0000000100000000)
  eden space 141312K, 99% used [0x00000000ebd80000,0x00000000f46655c8,0x00000000f4780000)
  from space 22016K, 70% used [0x00000000f4780000,0x00000000f56bc4a0,0x00000000f5d00000)
  to   space 22528K, 0% used [0x00000000f7380000,0x00000000f7380000,0x00000000f8980000)
 ParOldGen       total 57856K, used 31474K [0x00000000c3800000, 0x00000000c7080000, 0x00000000ebd80000)
  object space 57856K, 54% used [0x00000000c3800000,0x00000000c56bc810,0x00000000c7080000)
 Metaspace       used 15878K, capacity 16504K, committed 16768K, reserved 1064960K
  class space    used 1953K, capacity 2142K, committed 2176K, reserved 1048576K
Event: 28,639 GC heap after
Heap after GC invocations=17 (full 1):
 PSYoungGen      total 180224K, used 6458K [0x00000000ebd80000, 0x00000000f8680000, 0x0000000100000000)
  eden space 160768K, 0% used [0x00000000ebd80000,0x00000000ebd80000,0x00000000f5a80000)
  from space 19456K, 33% used [0x00000000f7380000,0x00000000f79ce840,0x00000000f8680000)
  to   space 22528K, 0% used [0x00000000f5a80000,0x00000000f5a80000,0x00000000f7080000)
 ParOldGen       total 57856K, used 31482K [0x00000000c3800000, 0x00000000c7080000, 0x00000000ebd80000)
  object space 57856K, 54% used [0x00000000c3800000,0x00000000c56be810,0x00000000c7080000)
 Metaspace       used 15878K, capacity 16504K, committed 16768K, reserved 1064960K
  class space    used 1953K, capacity 2142K, committed 2176K, reserved 1048576K
}
Event: 32,851 GC heap before
{Heap before GC invocations=18 (full 1):
 PSYoungGen      total 180224K, used 166765K [0x00000000ebd80000, 0x00000000f8680000, 0x0000000100000000)
  eden space 160768K, 99% used [0x00000000ebd80000,0x00000000f5a0ce68,0x00000000f5a80000)
  from space 19456K, 33% used [0x00000000f7380000,0x00000000f79ce840,0x00000000f8680000)
  to   space 22528K, 0% used [0x00000000f5a80000,0x00000000f5a80000,0x00000000f7080000)
 ParOldGen       total 57856K, used 31482K [0x00000000c3800000, 0x00000000c7080000, 0x00000000ebd80000)
  object space 57856K, 54% used [0x00000000c3800000,0x00000000c56be810,0x00000000c7080000)
 Metaspace       used 15902K, capacity 16576K, committed 16768K, reserved 1064960K
  class space    used 1953K, capacity 2142K, committed 2176K, reserved 1048576K
Event: 32,855 GC heap after
Heap after GC invocations=18 (full 1):
 PSYoungGen      total 183296K, used 9559K [0x00000000ebd80000, 0x00000000f9200000, 0x0000000100000000)
  eden space 160768K, 0% used [0x00000000ebd80000,0x00000000ebd80000,0x00000000f5a80000)
  from space 22528K, 42% used [0x00000000f5a80000,0x00000000f63d5c60,0x00000000f7080000)
  to   space 22016K, 0% used [0x00000000f7c80000,0x00000000f7c80000,0x00000000f9200000)
 ParOldGen       total 57856K, used 31490K [0x00000000c3800000, 0x00000000c7080000, 0x00000000ebd80000)
  object space 57856K, 54% used [0x00000000c3800000,0x00000000c56c0810,0x00000000c7080000)
 Metaspace       used 15902K, capacity 16576K, committed 16768K, reserved 1064960K
  class space    used 1953K, capacity 2142K, committed 2176K, reserved 1048576K
}
Event: 37,562 GC heap before
{Heap before GC invocations=19 (full 1):
 PSYoungGen      total 183296K, used 169589K [0x00000000ebd80000, 0x00000000f9200000, 0x0000000100000000)
  eden space 160768K, 99% used [0x00000000ebd80000,0x00000000f59c78b0,0x00000000f5a80000)
  from space 22528K, 42% used [0x00000000f5a80000,0x00000000f63d5c60,0x00000000f7080000)
  to   space 22016K, 0% used [0x00000000f7c80000,0x00000000f7c80000,0x00000000f9200000)
 ParOldGen       total 57856K, used 31490K [0x00000000c3800000, 0x00000000c7080000, 0x00000000ebd80000)
  object space 57856K, 54% used [0x00000000c3800000,0x00000000c56c0810,0x00000000c7080000)
 Metaspace       used 15906K, capacity 16576K, committed 16768K, reserved 1064960K
  class space    used 1953K, capacity 2142K, committed 2176K, reserved 1048576K

