# JRE version: Java(TM) SE Runtime Environment (8.0_144-b01) (build 1.8.0_144-b01)
# Java VM: Java HotSpot(TM) 64-Bit Server VM (25.144-b01 mixed mode linux-amd64 compressed oops)
Heap:
 PSYoungGen      total 96768K, used 18574K [0x00000000ebd80000, 0x00000000f2e80000, 0x0000000100000000)
  eden space 77824K, 0% used [0x00000000ebd80000,0x00000000ebd80000,0x00000000f0980000)
  from space 18944K, 98% used [0x00000000f0980000,0x00000000f1ba38c0,0x00000000f1c00000)
  to   space 16896K, 0% used [0x00000000f1e00000,0x00000000f1e00000,0x00000000f2e80000)
 ParOldGen       total 62976K, used 50262K [0x00000000c3800000, 0x00000000c7580000, 0x00000000ebd80000)
  object space 62976K, 79% used [0x00000000c3800000,0x00000000c6915b60,0x00000000c7580000)
 Metaspace       used 15683K, capacity 16336K, committed 16512K, reserved 1062912K
  class space    used 1958K, capacity 2152K, committed 2176K, reserved 1048576K
GC Heap History (10 events):
Event: 10,406 GC heap after
Heap after GC invocations=9 (full 1):
 PSYoungGen      total 65024K, used 11157K [0x00000000ebd80000, 0x00000000f1380000, 0x0000000100000000)
  eden space 43008K, 0% used [0x00000000ebd80000,0x00000000ebd80000,0x00000000ee780000)
  from space 22016K, 50% used [0x00000000efe00000,0x00000000f08e5670,0x00000000f1380000)
  to   space 22528K, 0% used [0x00000000ee780000,0x00000000ee780000,0x00000000efd80000)
 ParOldGen       total 62976K, used 33238K [0x00000000c3800000, 0x00000000c7580000, 0x00000000ebd80000)
  object space 62976K, 52% used [0x00000000c3800000,0x00000000c5875b50,0x00000000c7580000)
 Metaspace       used 15256K, capacity 15904K, committed 16000K, reserved 1062912K
  class space    used 1957K, capacity 2152K, committed 2176K, reserved 1048576K
}
Event: 13,381 GC heap before
{Heap before GC invocations=10 (full 1):
 PSYoungGen      total 65024K, used 53085K [0x00000000ebd80000, 0x00000000f1380000, 0x0000000100000000)
  eden space 43008K, 97% used [0x00000000ebd80000,0x00000000ee671fb8,0x00000000ee780000)
  from space 22016K, 50% used [0x00000000efe00000,0x00000000f08e5670,0x00000000f1380000)
  to   space 22528K, 0% used [0x00000000ee780000,0x00000000ee780000,0x00000000efd80000)
 ParOldGen       total 62976K, used 33238K [0x00000000c3800000, 0x00000000c7580000, 0x00000000ebd80000)
  object space 62976K, 52% used [0x00000000c3800000,0x00000000c5875b50,0x00000000c7580000)
 Metaspace       used 15367K, capacity 16048K, committed 16256K, reserved 1062912K
  class space    used 1957K, capacity 2152K, committed 2176K, reserved 1048576K
Event: 13,385 GC heap after
Heap after GC invocations=10 (full 1):
 PSYoungGen      total 65536K, used 9463K [0x00000000ebd80000, 0x00000000f2000000, 0x0000000100000000)
  eden space 43008K, 0% used [0x00000000ebd80000,0x00000000ebd80000,0x00000000ee780000)
  from space 22528K, 42% used [0x00000000ee780000,0x00000000ef0bdc60,0x00000000efd80000)
  to   space 20992K, 0% used [0x00000000f0b80000,0x00000000f0b80000,0x00000000f2000000)
 ParOldGen       total 62976K, used 33430K [0x00000000c3800000, 0x00000000c7580000, 0x00000000ebd80000)
  object space 62976K, 53% used [0x00000000c3800000,0x00000000c58a5b50,0x00000000c7580000)
 Metaspace       used 15367K, capacity 16048K, committed 16256K, reserved 1062912K
  class space    used 1957K, capacity 2152K, committed 2176K, reserved 1048576K
}
Event: 15,395 GC heap before
{Heap before GC invocations=11 (full 1):
 PSYoungGen      total 65536K, used 51257K [0x00000000ebd80000, 0x00000000f2000000, 0x0000000100000000)
  eden space 43008K, 97% used [0x00000000ebd80000,0x00000000ee6508d0,0x00000000ee780000)
  from space 22528K, 42% used [0x00000000ee780000,0x00000000ef0bdc60,0x00000000efd80000)
  to   space 20992K, 0% used [0x00000000f0b80000,0x00000000f0b80000,0x00000000f2000000)
 ParOldGen       total 62976K, used 33430K [0x00000000c3800000, 0x00000000c7580000, 0x00000000ebd80000)
  object space 62976K, 53% used [0x00000000c3800000,0x00000000c58a5b50,0x00000000c7580000)
 Metaspace       used 15427K, capacity 16060K, committed 16256K, reserved 1062912K
  class space    used 1958K, capacity 2152K, committed 2176K, reserved 1048576K
Event: 15,418 GC heap after
Heap after GC invocations=11 (full 1):
 PSYoungGen      total 79872K, used 10965K [0x00000000ebd80000, 0x00000000f1f80000, 0x0000000100000000)
  eden space 59392K, 0% used [0x00000000ebd80000,0x00000000ebd80000,0x00000000ef780000)
  from space 20480K, 53% used [0x00000000f0b80000,0x00000000f1635670,0x00000000f1f80000)
  to   space 20480K, 0% used [0x00000000ef780000,0x00000000ef780000,0x00000000f0b80000)
 ParOldGen       total 62976K, used 33462K [0x00000000c3800000, 0x00000000c7580000, 0x00000000ebd80000)
  object space 62976K, 53% used [0x00000000c3800000,0x00000000c58adb50,0x00000000c7580000)
 Metaspace       used 15427K, capacity 16060K, committed 16256K, reserved 1062912K
  class space    used 1958K, capacity 2152K, committed 2176K, reserved 1048576K
}
Event: 19,459 GC heap before
{Heap before GC invocations=12 (full 1):
 PSYoungGen      total 79872K, used 70357K [0x00000000ebd80000, 0x00000000f1f80000, 0x0000000100000000)
  eden space 59392K, 100% used [0x00000000ebd80000,0x00000000ef780000,0x00000000ef780000)
  from space 20480K, 53% used [0x00000000f0b80000,0x00000000f1635670,0x00000000f1f80000)
  to   space 20480K, 0% used [0x00000000ef780000,0x00000000ef780000,0x00000000f0b80000)
 ParOldGen       total 62976K, used 33462K [0x00000000c3800000, 0x00000000c7580000, 0x00000000ebd80000)
  object space 62976K, 53% used [0x00000000c3800000,0x00000000c58adb50,0x00000000c7580000)
 Metaspace       used 15507K, capacity 16192K, committed 16256K, reserved 1062912K
  class space    used 1958K, capacity 2152K, committed 2176K, reserved 1048576K
Event: 19,465 GC heap after
Heap after GC invocations=12 (full 1):
 PSYoungGen      total 79872K, used 9431K [0x00000000ebd80000, 0x00000000f3100000, 0x0000000100000000)
  eden space 59392K, 0% used [0x00000000ebd80000,0x00000000ebd80000,0x00000000ef780000)
  from space 20480K, 46% used [0x00000000ef780000,0x00000000f00b5c60,0x00000000f0b80000)
  to   space 19456K, 0% used [0x00000000f1e00000,0x00000000f1e00000,0x00000000f3100000)
 ParOldGen       total 62976K, used 41071K [0x00000000c3800000, 0x00000000c7580000, 0x00000000ebd80000)
  object space 62976K, 65% used [0x00000000c3800000,0x00000000c601be20,0x00000000c7580000)
 Metaspace       used 15507K, capacity 16192K, committed 16256K, reserved 1062912K
  class space    used 1958K, capacity 2152K, committed 2176K, reserved 1048576K
}
Event: 23,397 GC heap before
{Heap before GC invocations=13 (full 1):
 PSYoungGen      total 79872K, used 67614K [0x00000000ebd80000, 0x00000000f3100000, 0x0000000100000000)
  eden space 59392K, 97% used [0x00000000ebd80000,0x00000000ef651e90,0x00000000ef780000)
  from space 20480K, 46% used [0x00000000ef780000,0x00000000f00b5c60,0x00000000f0b80000)
  to   space 19456K, 0% used [0x00000000f1e00000,0x00000000f1e00000,0x00000000f3100000)
 ParOldGen       total 62976K, used 41071K [0x00000000c3800000, 0x00000000c7580000, 0x00000000ebd80000)
  object space 62976K, 65% used [0x00000000c3800000,0x00000000c601be20,0x00000000c7580000)
 Metaspace       used 15592K, capacity 16272K, committed 16512K, reserved 1062912K
  class space    used 1958K, capacity 2152K, committed 2176K, reserved 1048576K
Event: 23,402 GC heap after
Heap after GC invocations=13 (full 1):
 PSYoungGen      total 94720K, used 10997K [0x00000000ebd80000, 0x00000000f2e80000, 0x0000000100000000)
  eden space 77824K, 0% used [0x00000000ebd80000,0x00000000ebd80000,0x00000000f0980000)
  from space 16896K, 65% used [0x00000000f1e00000,0x00000000f28bd670,0x00000000f2e80000)
  to   space 18944K, 0% used [0x00000000f0980000,0x00000000f0980000,0x00000000f1c00000)
 ParOldGen       total 62976K, used 41159K [0x00000000c3800000, 0x00000000c7580000, 0x00000000ebd80000)
  object space 62976K, 65% used [0x00000000c3800000,0x00000000c6031e80,0x00000000c7580000)
 Metaspace       used 15592K, capacity 16272K, committed 16512K, reserved 1062912K
  class space    used 1958K, capacity 2152K, committed 2176K, reserved 1048576K
}
Event: 55,672 GC heap before
{Heap before GC invocations=14 (full 1):
 PSYoungGen      total 94720K, used 88821K [0x00000000ebd80000, 0x00000000f2e80000, 0x0000000100000000)
  eden space 77824K, 100% used [0x00000000ebd80000,0x00000000f0980000,0x00000000f0980000)
  from space 16896K, 65% used [0x00000000f1e00000,0x00000000f28bd670,0x00000000f2e80000)
  to   space 18944K, 0% used [0x00000000f0980000,0x00000000f0980000,0x00000000f1c00000)
 ParOldGen       total 62976K, used 41159K [0x00000000c3800000, 0x00000000c7580000, 0x00000000ebd80000)
  object space 62976K, 65% used [0x00000000c3800000,0x00000000c6031e80,0x00000000c7580000)
 Metaspace       used 15683K, capacity 16336K, committed 16512K, reserved 1062912K
  class space    used 1958K, capacity 2152K, committed 2176K, reserved 1048576K

